Base path: D:/Program Files (x86)/Unity/Editor/Data
Pipe name: \\.\pipe\UnityShaderCompiler-1-5856
Cmd: getPlatforms
Cmd: preprocess
  insize=1212 outsize=443 ok=1
Cmd: compileSnippet
  api=4 type=0 insize=1030 outsize=1258 kw= ok=1
Cmd: compileSnippet
  api=4 type=1 insize=1030 outsize=852 kw= ok=1
Cmd: preprocess
  insize=1925 outsize=587 ok=1
Cmd: compileSnippet
  api=4 type=0 insize=1585 outsize=1347 kw= ok=1
Cmd: compileSnippet
  api=4 type=1 insize=1585 outsize=1339 kw= ok=1
Cmd: preprocess
  insize=1673 outsize=458 ok=1
Cmd: compileSnippet
  api=4 type=0 insize=1468 outsize=1794 kw= ok=1
Cmd: compileSnippet
  api=4 type=1 insize=1468 outsize=1477 kw= ok=1
Cmd: preprocess
  insize=1753 outsize=449 ok=1
Cmd: compileSnippet
  api=4 type=0 insize=1553 outsize=1794 kw= ok=1
Cmd: compileSnippet
  api=4 type=1 insize=1553 outsize=1534 kw= ok=1
Cmd: preprocess
  insize=1104 outsize=424 ok=1
Cmd: compileSnippet
  api=4 type=0 insize=945 outsize=1258 kw= ok=1
Cmd: compileSnippet
  api=4 type=1 insize=945 outsize=754 kw= ok=1
Cmd: preprocess
  insize=1645 outsize=430 ok=1
Cmd: preprocess
  insize=1748 outsize=444 ok=1
Cmd: preprocess
  insize=1109 outsize=429 ok=1
Cmd: preprocess
  insize=1650 outsize=435 ok=1
Cmd: preprocess
  insize=1678 outsize=463 ok=1
Cmd: preprocess
  insize=1137 outsize=457 ok=1
Cmd: preprocess
  insize=1207 outsize=438 ok=1
Cmd: preprocess
  insize=1132 outsize=452 ok=1
